2024-04-30 16:39:19:3919 - [32minfo[39m: [32mrodando na porta 3000[39m
2024-04-30 16:40:43:4043 - [32minfo[39m: [32mConectado![39m
2024-04-30 16:40:43:4043 - [32minfo[39m: [32mrodando na porta 3000[39m
2024-04-30 16:40:54:4054 - [32minfo[39m: [32mConectado![39m
2024-04-30 16:40:54:4054 - [32minfo[39m: [32mrodando na porta 3000[39m
2024-04-30 16:41:00:410 - [32minfo[39m: [32mConectado![39m
2024-04-30 16:41:00:410 - [32minfo[39m: [32mrodando na porta 3000[39m
2024-04-30 16:42:08:428 - [32minfo[39m: [32mConectado![39m
2024-04-30 16:42:08:428 - [32minfo[39m: [32mrodando na porta 3000[39m
2024-04-30 16:53:13:5313 - [32minfo[39m: [32mConectado![39m
2024-04-30 16:53:13:5313 - [32minfo[39m: [32mrodando na porta 3000[39m
2024-04-30 16:53:32:5332 - [32minfo[39m: [32mConectado![39m
2024-04-30 16:53:32:5332 - [32minfo[39m: [32mrodando na porta 3000[39m
2024-04-30 16:55:44:5544 - [32minfo[39m: [32mConectado![39m
2024-04-30 16:55:44:5544 - [32minfo[39m: [32mrodando na porta 3000[39m
2024-04-30 16:56:51:5651 - [32minfo[39m: [32mConectado![39m
2024-04-30 16:56:51:5651 - [32minfo[39m: [32mrodando na porta 3000[39m
2024-04-30 16:56:51:5651 - [37mdebug[39m: [37molá[39m
2024-04-30 16:57:16:5716 - [32minfo[39m: [32mConectado![39m
2024-04-30 16:57:16:5716 - [32minfo[39m: [32mrodando na porta 3000[39m
2024-04-30 16:57:16:5716 - [33mwarn[39m: [33mwarn[39m
2024-04-30 16:57:24:5724 - [32minfo[39m: [32mConectado![39m
2024-04-30 16:57:24:5724 - [32minfo[39m: [32mrodando na porta 3000[39m
2024-04-30 16:57:24:5724 - [31merror[39m: [31mwarn[39m
2024-04-30 16:57:30:5730 - [32minfo[39m: [32mConectado![39m
2024-04-30 16:57:30:5730 - [32minfo[39m: [32mrodando na porta 3000[39m
2024-04-30 18:45:31:4531 - [32minfo[39m: [32mConectado![39m
2024-04-30 18:45:31:4531 - [32minfo[39m: [32mrodando na porta 3000[39m
2024-04-30 18:46:35:4635 - [32minfo[39m: [32mConectado![39m
2024-04-30 18:46:36:4636 - [32minfo[39m: [32mrodando na porta 3000[39m
2024-04-30 18:57:57:5757 - [32minfo[39m: [32mConectado![39m
2024-04-30 18:57:57:5757 - [32minfo[39m: [32mrodando na porta 3000[39m
2024-04-30 18:58:23:5823 - [32minfo[39m: [32mConectado![39m
2024-04-30 18:58:23:5823 - [32minfo[39m: [32mrodando na porta 3000[39m
2024-04-30 19:22:53:2253 - [32minfo[39m: [32mConectado![39m
2024-04-30 19:22:53:2253 - [32minfo[39m: [32mrodando na porta 3000[39m
2024-04-30 19:23:04:234 - [32minfo[39m: [32mConectado![39m
2024-04-30 19:23:04:234 - [32minfo[39m: [32mrodando na porta 3000[39m
2024-04-30 19:23:17:2317 - [35mhttp[39m: [35mGET /api/test 304 - - 2.127 ms[39m
[35m[39m
2024-04-30 19:23:17:2317 - [35mhttp[39m: [35mGET /favicon.ico 404 150 - 1.438 ms[39m
[35m[39m
